<?xml version="1.0" encoding="UTF-8"?>
<!-- Generated by org.testng.reporters.JUnitReportReporter -->
<testsuite ignored="0" hostname="AR12-Z47" failures="0" tests="1" name="Tests.registerUserTest" time="11.629" errors="0" timestamp="08 Nov 2023 22:47:46 GMT" skipped="0">
  <testcase classname="Tests.registerUserTest" name="registerUser_Test" time="11.629"/>
</testsuite> <!-- Tests.registerUserTest -->
