<?xml version="1.0" encoding="UTF-8"?>
<!-- Generated by org.testng.reporters.JUnitReportReporter -->
<testsuite ignored="0" hostname="AR12-Z47" failures="0" tests="1" name="Tests.storeTest" time="0.000" errors="0" timestamp="09 Nov 2023 20:26:35 GMT" skipped="1">
  <testcase classname="Tests.storeTest" name="loginTest" time="0.000">
    <skipped/>
  </testcase> <!-- loginTest -->
</testsuite> <!-- Tests.storeTest -->
