<?xml version="1.0" encoding="UTF-8"?>
<!-- Generated by org.testng.reporters.JUnitReportReporter -->
<testsuite ignored="0" hostname="AR12-Z47" failures="0" tests="1" name="Tests.correctLoginTest" time="2.930" errors="0" timestamp="09 Nov 2023 20:36:41 GMT" skipped="0">
  <testcase classname="Tests.correctLoginTest" name="correctLogin_Test" time="2.930"/>
</testsuite> <!-- Tests.correctLoginTest -->
